{"/Users/chunwarayut/Documents/jongtao/server/controllers/authController.js": {"path":"/Users/chunwarayut/Documents/jongtao/server/controllers/authController.js","statementMap":{"0":{"start":{"line":5,"column":15},"end":{"line":5,"column":null}},"1":{"start":{"line":7,"column":21},"end":{"line":47,"column":null}},"2":{"start":{"line":8,"column":35},"end":{"line":8,"column":null}},"3":{"start":{"line":10,"column":4},"end":{"line":12,"column":null}},"4":{"start":{"line":11,"column":8},"end":{"line":11,"column":null}},"5":{"start":{"line":14,"column":4},"end":{"line":46,"column":null}},"6":{"start":{"line":15,"column":22},"end":{"line":17,"column":null}},"7":{"start":{"line":19,"column":8},"end":{"line":21,"column":null}},"8":{"start":{"line":20,"column":12},"end":{"line":20,"column":null}},"9":{"start":{"line":23,"column":32},"end":{"line":23,"column":null}},"10":{"start":{"line":25,"column":8},"end":{"line":27,"column":null}},"11":{"start":{"line":26,"column":12},"end":{"line":26,"column":null}},"12":{"start":{"line":29,"column":22},"end":{"line":33,"column":null}},"13":{"start":{"line":35,"column":8},"end":{"line":42,"column":null}},"14":{"start":{"line":44,"column":8},"end":{"line":44,"column":null}},"15":{"start":{"line":45,"column":8},"end":{"line":45,"column":null}},"16":{"start":{"line":49,"column":25},"end":{"line":51,"column":null}},"17":{"start":{"line":50,"column":4},"end":{"line":50,"column":null}}},"fnMap":{"0":{"name":"(anonymous_0)","decl":{"start":{"line":7,"column":21},"end":{"line":7,"column":26}},"loc":{"start":{"line":7,"column":41},"end":{"line":47,"column":null}},"line":7},"1":{"name":"(anonymous_1)","decl":{"start":{"line":49,"column":25},"end":{"line":49,"column":30}},"loc":{"start":{"line":49,"column":45},"end":{"line":51,"column":null}},"line":49}},"branchMap":{"0":{"loc":{"start":{"line":10,"column":4},"end":{"line":12,"column":null}},"type":"if","locations":[{"start":{"line":10,"column":4},"end":{"line":12,"column":null}},{"start":{},"end":{}}],"line":10},"1":{"loc":{"start":{"line":10,"column":8},"end":{"line":10,"column":30}},"type":"binary-expr","locations":[{"start":{"line":10,"column":8},"end":{"line":10,"column":17}},{"start":{"line":10,"column":21},"end":{"line":10,"column":30}}],"line":10},"2":{"loc":{"start":{"line":19,"column":8},"end":{"line":21,"column":null}},"type":"if","locations":[{"start":{"line":19,"column":8},"end":{"line":21,"column":null}},{"start":{},"end":{}}],"line":19},"3":{"loc":{"start":{"line":25,"column":8},"end":{"line":27,"column":null}},"type":"if","locations":[{"start":{"line":25,"column":8},"end":{"line":27,"column":null}},{"start":{},"end":{}}],"line":25}},"s":{"0":1,"1":1,"2":5,"3":5,"4":1,"5":4,"6":4,"7":3,"8":1,"9":2,"10":2,"11":1,"12":1,"13":1,"14":1,"15":1,"16":1,"17":1},"f":{"0":5,"1":1},"b":{"0":[1,4],"1":[5,4],"2":[1,2],"3":[1,1]},"meta":{"lastBranch":4,"lastFunction":2,"lastStatement":18,"seen":{"s:5:15:5:Infinity":0,"s:7:21:47:Infinity":1,"f:7:21:7:26":0,"s:8:35:8:Infinity":2,"b:10:4:12:Infinity:undefined:undefined:undefined:undefined":0,"s:10:4:12:Infinity":3,"b:10:8:10:17:10:21:10:30":1,"s:11:8:11:Infinity":4,"s:14:4:46:Infinity":5,"s:15:22:17:Infinity":6,"b:19:8:21:Infinity:undefined:undefined:undefined:undefined":2,"s:19:8:21:Infinity":7,"s:20:12:20:Infinity":8,"s:23:32:23:Infinity":9,"b:25:8:27:Infinity:undefined:undefined:undefined:undefined":3,"s:25:8:27:Infinity":10,"s:26:12:26:Infinity":11,"s:29:22:33:Infinity":12,"s:35:8:42:Infinity":13,"s:44:8:44:Infinity":14,"s:45:8:45:Infinity":15,"s:49:25:51:Infinity":16,"f:49:25:49:30":1,"s:50:4:50:Infinity":17}}}
,"/Users/chunwarayut/Documents/jongtao/server/controllers/bookingController.js": {"path":"/Users/chunwarayut/Documents/jongtao/server/controllers/bookingController.js","statementMap":{"0":{"start":{"line":4,"column":15},"end":{"line":4,"column":null}},"1":{"start":{"line":6,"column":29},"end":{"line":41,"column":null}},"2":{"start":{"line":11,"column":8},"end":{"line":11,"column":null}},"3":{"start":{"line":13,"column":4},"end":{"line":40,"column":null}},"4":{"start":{"line":15,"column":23},"end":{"line":15,"column":null}},"5":{"start":{"line":17,"column":24},"end":{"line":35,"column":null}},"6":{"start":{"line":36,"column":8},"end":{"line":36,"column":null}},"7":{"start":{"line":38,"column":8},"end":{"line":38,"column":null}},"8":{"start":{"line":39,"column":8},"end":{"line":39,"column":null}},"9":{"start":{"line":43,"column":30},"end":{"line":53,"column":null}},"10":{"start":{"line":44,"column":4},"end":{"line":52,"column":null}},"11":{"start":{"line":45,"column":25},"end":{"line":48,"column":null}},"12":{"start":{"line":49,"column":8},"end":{"line":49,"column":null}},"13":{"start":{"line":51,"column":8},"end":{"line":51,"column":null}},"14":{"start":{"line":55,"column":30},"end":{"line":67,"column":null}},"15":{"start":{"line":56,"column":19},"end":{"line":56,"column":null}},"16":{"start":{"line":57,"column":4},"end":{"line":66,"column":null}},"17":{"start":{"line":58,"column":24},"end":{"line":61,"column":null}},"18":{"start":{"line":62,"column":8},"end":{"line":62,"column":null}},"19":{"start":{"line":62,"column":22},"end":{"line":62,"column":null}},"20":{"start":{"line":63,"column":8},"end":{"line":63,"column":null}},"21":{"start":{"line":65,"column":8},"end":{"line":65,"column":null}},"22":{"start":{"line":69,"column":35},"end":{"line":81,"column":null}},"23":{"start":{"line":70,"column":19},"end":{"line":70,"column":null}},"24":{"start":{"line":71,"column":38},"end":{"line":71,"column":null}},"25":{"start":{"line":72,"column":4},"end":{"line":80,"column":null}},"26":{"start":{"line":73,"column":24},"end":{"line":76,"column":null}},"27":{"start":{"line":77,"column":8},"end":{"line":77,"column":null}},"28":{"start":{"line":79,"column":8},"end":{"line":79,"column":null}},"29":{"start":{"line":83,"column":29},"end":{"line":94,"column":null}},"30":{"start":{"line":84,"column":19},"end":{"line":84,"column":null}},"31":{"start":{"line":85,"column":4},"end":{"line":93,"column":null}},"32":{"start":{"line":86,"column":24},"end":{"line":89,"column":null}},"33":{"start":{"line":90,"column":8},"end":{"line":90,"column":null}},"34":{"start":{"line":92,"column":8},"end":{"line":92,"column":null}}},"fnMap":{"0":{"name":"(anonymous_0)","decl":{"start":{"line":6,"column":29},"end":{"line":6,"column":34}},"loc":{"start":{"line":6,"column":49},"end":{"line":41,"column":null}},"line":6},"1":{"name":"(anonymous_1)","decl":{"start":{"line":43,"column":30},"end":{"line":43,"column":35}},"loc":{"start":{"line":43,"column":50},"end":{"line":53,"column":null}},"line":43},"2":{"name":"(anonymous_2)","decl":{"start":{"line":55,"column":30},"end":{"line":55,"column":35}},"loc":{"start":{"line":55,"column":50},"end":{"line":67,"column":null}},"line":55},"3":{"name":"(anonymous_3)","decl":{"start":{"line":69,"column":35},"end":{"line":69,"column":40}},"loc":{"start":{"line":69,"column":55},"end":{"line":81,"column":null}},"line":69},"4":{"name":"(anonymous_4)","decl":{"start":{"line":83,"column":29},"end":{"line":83,"column":34}},"loc":{"start":{"line":83,"column":49},"end":{"line":94,"column":null}},"line":83}},"branchMap":{"0":{"loc":{"start":{"line":62,"column":8},"end":{"line":62,"column":null}},"type":"if","locations":[{"start":{"line":62,"column":8},"end":{"line":62,"column":null}},{"start":{},"end":{}}],"line":62}},"s":{"0":1,"1":1,"2":2,"3":2,"4":2,"5":2,"6":1,"7":1,"8":1,"9":1,"10":2,"11":2,"12":1,"13":1,"14":1,"15":3,"16":3,"17":3,"18":2,"19":2,"20":1,"21":1,"22":1,"23":2,"24":2,"25":2,"26":2,"27":1,"28":1,"29":1,"30":2,"31":2,"32":2,"33":1,"34":1},"f":{"0":2,"1":2,"2":3,"3":2,"4":2},"b":{"0":[1,1]},"meta":{"lastBranch":1,"lastFunction":5,"lastStatement":35,"seen":{"s:4:15:4:Infinity":0,"s:6:29:41:Infinity":1,"f:6:29:6:34":0,"s:11:8:11:Infinity":2,"s:13:4:40:Infinity":3,"s:15:23:15:Infinity":4,"s:17:24:35:Infinity":5,"s:36:8:36:Infinity":6,"s:38:8:38:Infinity":7,"s:39:8:39:Infinity":8,"s:43:30:53:Infinity":9,"f:43:30:43:35":1,"s:44:4:52:Infinity":10,"s:45:25:48:Infinity":11,"s:49:8:49:Infinity":12,"s:51:8:51:Infinity":13,"s:55:30:67:Infinity":14,"f:55:30:55:35":2,"s:56:19:56:Infinity":15,"s:57:4:66:Infinity":16,"s:58:24:61:Infinity":17,"b:62:8:62:Infinity:undefined:undefined:undefined:undefined":0,"s:62:8:62:Infinity":18,"s:62:22:62:Infinity":19,"s:63:8:63:Infinity":20,"s:65:8:65:Infinity":21,"s:69:35:81:Infinity":22,"f:69:35:69:40":3,"s:70:19:70:Infinity":23,"s:71:38:71:Infinity":24,"s:72:4:80:Infinity":25,"s:73:24:76:Infinity":26,"s:77:8:77:Infinity":27,"s:79:8:79:Infinity":28,"s:83:29:94:Infinity":29,"f:83:29:83:34":4,"s:84:19:84:Infinity":30,"s:85:4:93:Infinity":31,"s:86:24:89:Infinity":32,"s:90:8:90:Infinity":33,"s:92:8:92:Infinity":34}}}
,"/Users/chunwarayut/Documents/jongtao/server/controllers/statsController.js": {"path":"/Users/chunwarayut/Documents/jongtao/server/controllers/statsController.js","statementMap":{"0":{"start":{"line":3,"column":15},"end":{"line":3,"column":null}},"1":{"start":{"line":5,"column":29},"end":{"line":34,"column":null}},"2":{"start":{"line":6,"column":18},"end":{"line":6,"column":null}},"3":{"start":{"line":7,"column":4},"end":{"line":7,"column":null}},"4":{"start":{"line":9,"column":21},"end":{"line":9,"column":null}},"5":{"start":{"line":10,"column":4},"end":{"line":10,"column":null}},"6":{"start":{"line":12,"column":4},"end":{"line":33,"column":null}},"7":{"start":{"line":13,"column":30},"end":{"line":20,"column":null}},"8":{"start":{"line":22,"column":22},"end":{"line":28,"column":null}},"9":{"start":{"line":24,"column":57},"end":{"line":24,"column":81}},"10":{"start":{"line":26,"column":29},"end":{"line":26,"column":57}},"11":{"start":{"line":27,"column":36},"end":{"line":27,"column":107}},"12":{"start":{"line":30,"column":8},"end":{"line":30,"column":null}},"13":{"start":{"line":32,"column":8},"end":{"line":32,"column":null}},"14":{"start":{"line":36,"column":31},"end":{"line":49,"column":null}},"15":{"start":{"line":37,"column":4},"end":{"line":48,"column":null}},"16":{"start":{"line":38,"column":28},"end":{"line":38,"column":null}},"17":{"start":{"line":39,"column":24},"end":{"line":44,"column":null}},"18":{"start":{"line":41,"column":29},"end":{"line":41,"column":57}},"19":{"start":{"line":42,"column":36},"end":{"line":42,"column":107}},"20":{"start":{"line":45,"column":8},"end":{"line":45,"column":null}},"21":{"start":{"line":47,"column":8},"end":{"line":47,"column":null}}},"fnMap":{"0":{"name":"(anonymous_0)","decl":{"start":{"line":5,"column":29},"end":{"line":5,"column":34}},"loc":{"start":{"line":5,"column":49},"end":{"line":34,"column":null}},"line":5},"1":{"name":"(anonymous_1)","decl":{"start":{"line":24,"column":52},"end":{"line":24,"column":53}},"loc":{"start":{"line":24,"column":57},"end":{"line":24,"column":81}},"line":24},"2":{"name":"(anonymous_2)","decl":{"start":{"line":26,"column":24},"end":{"line":26,"column":25}},"loc":{"start":{"line":26,"column":29},"end":{"line":26,"column":57}},"line":26},"3":{"name":"(anonymous_3)","decl":{"start":{"line":27,"column":24},"end":{"line":27,"column":25}},"loc":{"start":{"line":27,"column":36},"end":{"line":27,"column":107}},"line":27},"4":{"name":"(anonymous_4)","decl":{"start":{"line":36,"column":31},"end":{"line":36,"column":36}},"loc":{"start":{"line":36,"column":51},"end":{"line":49,"column":null}},"line":36},"5":{"name":"(anonymous_5)","decl":{"start":{"line":41,"column":24},"end":{"line":41,"column":25}},"loc":{"start":{"line":41,"column":29},"end":{"line":41,"column":57}},"line":41},"6":{"name":"(anonymous_6)","decl":{"start":{"line":42,"column":24},"end":{"line":42,"column":25}},"loc":{"start":{"line":42,"column":36},"end":{"line":42,"column":107}},"line":42}},"branchMap":{"0":{"loc":{"start":{"line":27,"column":43},"end":{"line":27,"column":106}},"type":"cond-expr","locations":[{"start":{"line":27,"column":75},"end":{"line":27,"column":90}},{"start":{"line":27,"column":93},"end":{"line":27,"column":106}}],"line":27},"1":{"loc":{"start":{"line":42,"column":43},"end":{"line":42,"column":106}},"type":"cond-expr","locations":[{"start":{"line":42,"column":75},"end":{"line":42,"column":90}},{"start":{"line":42,"column":93},"end":{"line":42,"column":106}}],"line":42}},"s":{"0":1,"1":1,"2":2,"3":2,"4":2,"5":2,"6":2,"7":2,"8":1,"9":3,"10":3,"11":2,"12":1,"13":1,"14":1,"15":2,"16":2,"17":1,"18":3,"19":2,"20":1,"21":1},"f":{"0":2,"1":3,"2":3,"3":2,"4":2,"5":3,"6":2},"b":{"0":[1,1],"1":[1,1]},"meta":{"lastBranch":2,"lastFunction":7,"lastStatement":22,"seen":{"s:3:15:3:Infinity":0,"s:5:29:34:Infinity":1,"f:5:29:5:34":0,"s:6:18:6:Infinity":2,"s:7:4:7:Infinity":3,"s:9:21:9:Infinity":4,"s:10:4:10:Infinity":5,"s:12:4:33:Infinity":6,"s:13:30:20:Infinity":7,"s:22:22:28:Infinity":8,"f:24:52:24:53":1,"s:24:57:24:81":9,"f:26:24:26:25":2,"s:26:29:26:57":10,"f:27:24:27:25":3,"s:27:36:27:107":11,"b:27:75:27:90:27:93:27:106":0,"s:30:8:30:Infinity":12,"s:32:8:32:Infinity":13,"s:36:31:49:Infinity":14,"f:36:31:36:36":4,"s:37:4:48:Infinity":15,"s:38:28:38:Infinity":16,"s:39:24:44:Infinity":17,"f:41:24:41:25":5,"s:41:29:41:57":18,"f:42:24:42:25":6,"s:42:36:42:107":19,"b:42:75:42:90:42:93:42:106":1,"s:45:8:45:Infinity":20,"s:47:8:47:Infinity":21}}}
,"/Users/chunwarayut/Documents/jongtao/server/controllers/zoneController.js": {"path":"/Users/chunwarayut/Documents/jongtao/server/controllers/zoneController.js","statementMap":{"0":{"start":{"line":3,"column":15},"end":{"line":3,"column":null}},"1":{"start":{"line":5,"column":27},"end":{"line":26,"column":null}},"2":{"start":{"line":6,"column":4},"end":{"line":25,"column":null}},"3":{"start":{"line":7,"column":22},"end":{"line":13,"column":null}},"4":{"start":{"line":16,"column":38},"end":{"line":19,"column":null}},"5":{"start":{"line":16,"column":57},"end":{"line":19,"column":9}},"6":{"start":{"line":21,"column":8},"end":{"line":21,"column":null}},"7":{"start":{"line":23,"column":8},"end":{"line":23,"column":null}},"8":{"start":{"line":24,"column":8},"end":{"line":24,"column":null}},"9":{"start":{"line":28,"column":27},"end":{"line":39,"column":null}},"10":{"start":{"line":29,"column":19},"end":{"line":29,"column":null}},"11":{"start":{"line":30,"column":4},"end":{"line":38,"column":null}},"12":{"start":{"line":31,"column":21},"end":{"line":33,"column":null}},"13":{"start":{"line":34,"column":8},"end":{"line":34,"column":null}},"14":{"start":{"line":34,"column":19},"end":{"line":34,"column":null}},"15":{"start":{"line":35,"column":8},"end":{"line":35,"column":null}},"16":{"start":{"line":37,"column":8},"end":{"line":37,"column":null}},"17":{"start":{"line":41,"column":26},"end":{"line":48,"column":null}},"18":{"start":{"line":42,"column":4},"end":{"line":47,"column":null}},"19":{"start":{"line":43,"column":21},"end":{"line":43,"column":null}},"20":{"start":{"line":44,"column":8},"end":{"line":44,"column":null}},"21":{"start":{"line":46,"column":8},"end":{"line":46,"column":null}},"22":{"start":{"line":50,"column":26},"end":{"line":61,"column":null}},"23":{"start":{"line":51,"column":19},"end":{"line":51,"column":null}},"24":{"start":{"line":52,"column":4},"end":{"line":60,"column":null}},"25":{"start":{"line":53,"column":21},"end":{"line":56,"column":null}},"26":{"start":{"line":57,"column":8},"end":{"line":57,"column":null}},"27":{"start":{"line":59,"column":8},"end":{"line":59,"column":null}},"28":{"start":{"line":63,"column":26},"end":{"line":71,"column":null}},"29":{"start":{"line":64,"column":19},"end":{"line":64,"column":null}},"30":{"start":{"line":65,"column":4},"end":{"line":70,"column":null}},"31":{"start":{"line":66,"column":8},"end":{"line":66,"column":null}},"32":{"start":{"line":67,"column":8},"end":{"line":67,"column":null}},"33":{"start":{"line":69,"column":8},"end":{"line":69,"column":null}}},"fnMap":{"0":{"name":"(anonymous_0)","decl":{"start":{"line":5,"column":27},"end":{"line":5,"column":32}},"loc":{"start":{"line":5,"column":47},"end":{"line":26,"column":null}},"line":5},"1":{"name":"(anonymous_1)","decl":{"start":{"line":16,"column":48},"end":{"line":16,"column":52}},"loc":{"start":{"line":16,"column":57},"end":{"line":19,"column":9}},"line":16},"2":{"name":"(anonymous_2)","decl":{"start":{"line":28,"column":27},"end":{"line":28,"column":32}},"loc":{"start":{"line":28,"column":47},"end":{"line":39,"column":null}},"line":28},"3":{"name":"(anonymous_3)","decl":{"start":{"line":41,"column":26},"end":{"line":41,"column":31}},"loc":{"start":{"line":41,"column":46},"end":{"line":48,"column":null}},"line":41},"4":{"name":"(anonymous_4)","decl":{"start":{"line":50,"column":26},"end":{"line":50,"column":31}},"loc":{"start":{"line":50,"column":46},"end":{"line":61,"column":null}},"line":50},"5":{"name":"(anonymous_5)","decl":{"start":{"line":63,"column":26},"end":{"line":63,"column":31}},"loc":{"start":{"line":63,"column":46},"end":{"line":71,"column":null}},"line":63}},"branchMap":{"0":{"loc":{"start":{"line":34,"column":8},"end":{"line":34,"column":null}},"type":"if","locations":[{"start":{"line":34,"column":8},"end":{"line":34,"column":null}},{"start":{},"end":{}}],"line":34}},"s":{"0":1,"1":1,"2":2,"3":2,"4":1,"5":1,"6":1,"7":1,"8":1,"9":1,"10":3,"11":3,"12":3,"13":2,"14":2,"15":1,"16":1,"17":1,"18":2,"19":2,"20":1,"21":1,"22":1,"23":2,"24":2,"25":2,"26":1,"27":1,"28":1,"29":2,"30":2,"31":2,"32":1,"33":1},"f":{"0":2,"1":1,"2":3,"3":2,"4":2,"5":2},"b":{"0":[1,1]},"meta":{"lastBranch":1,"lastFunction":6,"lastStatement":34,"seen":{"s:3:15:3:Infinity":0,"s:5:27:26:Infinity":1,"f:5:27:5:32":0,"s:6:4:25:Infinity":2,"s:7:22:13:Infinity":3,"s:16:38:19:Infinity":4,"f:16:48:16:52":1,"s:16:57:19:9":5,"s:21:8:21:Infinity":6,"s:23:8:23:Infinity":7,"s:24:8:24:Infinity":8,"s:28:27:39:Infinity":9,"f:28:27:28:32":2,"s:29:19:29:Infinity":10,"s:30:4:38:Infinity":11,"s:31:21:33:Infinity":12,"b:34:8:34:Infinity:undefined:undefined:undefined:undefined":0,"s:34:8:34:Infinity":13,"s:34:19:34:Infinity":14,"s:35:8:35:Infinity":15,"s:37:8:37:Infinity":16,"s:41:26:48:Infinity":17,"f:41:26:41:31":3,"s:42:4:47:Infinity":18,"s:43:21:43:Infinity":19,"s:44:8:44:Infinity":20,"s:46:8:46:Infinity":21,"s:50:26:61:Infinity":22,"f:50:26:50:31":4,"s:51:19:51:Infinity":23,"s:52:4:60:Infinity":24,"s:53:21:56:Infinity":25,"s:57:8:57:Infinity":26,"s:59:8:59:Infinity":27,"s:63:26:71:Infinity":28,"f:63:26:63:31":5,"s:64:19:64:Infinity":29,"s:65:4:70:Infinity":30,"s:66:8:66:Infinity":31,"s:67:8:67:Infinity":32,"s:69:8:69:Infinity":33}}}
,"/Users/chunwarayut/Documents/jongtao/server/middleware/auth.js": {"path":"/Users/chunwarayut/Documents/jongtao/server/middleware/auth.js","statementMap":{"0":{"start":{"line":3,"column":28},"end":{"line":18,"column":null}},"1":{"start":{"line":4,"column":23},"end":{"line":4,"column":null}},"2":{"start":{"line":5,"column":18},"end":{"line":5,"column":null}},"3":{"start":{"line":7,"column":4},"end":{"line":9,"column":null}},"4":{"start":{"line":8,"column":8},"end":{"line":8,"column":null}},"5":{"start":{"line":11,"column":4},"end":{"line":17,"column":null}},"6":{"start":{"line":12,"column":24},"end":{"line":12,"column":null}},"7":{"start":{"line":13,"column":8},"end":{"line":13,"column":null}},"8":{"start":{"line":14,"column":8},"end":{"line":14,"column":null}},"9":{"start":{"line":16,"column":8},"end":{"line":16,"column":null}}},"fnMap":{"0":{"name":"(anonymous_0)","decl":{"start":{"line":3,"column":28},"end":{"line":3,"column":29}},"loc":{"start":{"line":3,"column":48},"end":{"line":18,"column":null}},"line":3}},"branchMap":{"0":{"loc":{"start":{"line":5,"column":18},"end":{"line":5,"column":null}},"type":"binary-expr","locations":[{"start":{"line":5,"column":18},"end":{"line":5,"column":28}},{"start":{"line":5,"column":32},"end":{"line":5,"column":null}}],"line":5},"1":{"loc":{"start":{"line":7,"column":4},"end":{"line":9,"column":null}},"type":"if","locations":[{"start":{"line":7,"column":4},"end":{"line":9,"column":null}},{"start":{},"end":{}}],"line":7}},"s":{"0":1,"1":4,"2":4,"3":4,"4":2,"5":2,"6":2,"7":2,"8":2,"9":1},"f":{"0":4},"b":{"0":[4,3],"1":[2,2]},"meta":{"lastBranch":2,"lastFunction":1,"lastStatement":10,"seen":{"s:3:28:18:Infinity":0,"f:3:28:3:29":0,"s:4:23:4:Infinity":1,"s:5:18:5:Infinity":2,"b:5:18:5:28:5:32:5:Infinity":0,"b:7:4:9:Infinity:undefined:undefined:undefined:undefined":1,"s:7:4:9:Infinity":3,"s:8:8:8:Infinity":4,"s:11:4:17:Infinity":5,"s:12:24:12:Infinity":6,"s:13:8:13:Infinity":7,"s:14:8:14:Infinity":8,"s:16:8:16:Infinity":9}}}
,"/Users/chunwarayut/Documents/jongtao/src/api/client.js": {"path":"/Users/chunwarayut/Documents/jongtao/src/api/client.js","statementMap":{"0":{"start":{"line":1,"column":17},"end":{"line":1,"column":44}},"1":{"start":{"line":3,"column":15},"end":{"line":63,"column":1}},"2":{"start":{"line":5,"column":22},"end":{"line":5,"column":51}},"3":{"start":{"line":6,"column":24},"end":{"line":10,"column":9}},"4":{"start":{"line":12,"column":23},"end":{"line":15,"column":9}},"5":{"start":{"line":17,"column":8},"end":{"line":29,"column":null}},"6":{"start":{"line":18,"column":29},"end":{"line":18,"column":74}},"7":{"start":{"line":19,"column":25},"end":{"line":19,"column":46}},"8":{"start":{"line":21,"column":12},"end":{"line":23,"column":null}},"9":{"start":{"line":22,"column":16},"end":{"line":22,"column":null}},"10":{"start":{"line":25,"column":12},"end":{"line":25,"column":null}},"11":{"start":{"line":27,"column":12},"end":{"line":27,"column":null}},"12":{"start":{"line":28,"column":12},"end":{"line":28,"column":null}},"13":{"start":{"line":33,"column":8},"end":{"line":33,"column":null}},"14":{"start":{"line":37,"column":8},"end":{"line":41,"column":null}},"15":{"start":{"line":45,"column":8},"end":{"line":49,"column":null}},"16":{"start":{"line":53,"column":8},"end":{"line":57,"column":null}},"17":{"start":{"line":61,"column":8},"end":{"line":61,"column":null}}},"fnMap":{"0":{"name":"(anonymous_0)","decl":{"start":{"line":4,"column":10},"end":{"line":4,"column":17}},"loc":{"start":{"line":4,"column":42},"end":{"line":30,"column":5}},"line":4},"1":{"name":"(anonymous_1)","decl":{"start":{"line":32,"column":4},"end":{"line":32,"column":7}},"loc":{"start":{"line":32,"column":27},"end":{"line":34,"column":5}},"line":32},"2":{"name":"(anonymous_2)","decl":{"start":{"line":36,"column":4},"end":{"line":36,"column":8}},"loc":{"start":{"line":36,"column":34},"end":{"line":42,"column":5}},"line":36},"3":{"name":"(anonymous_3)","decl":{"start":{"line":44,"column":4},"end":{"line":44,"column":9}},"loc":{"start":{"line":44,"column":35},"end":{"line":50,"column":5}},"line":44},"4":{"name":"(anonymous_4)","decl":{"start":{"line":52,"column":4},"end":{"line":52,"column":7}},"loc":{"start":{"line":52,"column":33},"end":{"line":58,"column":5}},"line":52},"5":{"name":"(anonymous_5)","decl":{"start":{"line":60,"column":4},"end":{"line":60,"column":10}},"loc":{"start":{"line":60,"column":30},"end":{"line":62,"column":5}},"line":60}},"branchMap":{"0":{"loc":{"start":{"line":4,"column":28},"end":{"line":4,"column":40}},"type":"default-arg","locations":[{"start":{"line":4,"column":38},"end":{"line":4,"column":40}}],"line":4},"1":{"loc":{"start":{"line":8,"column":16},"end":{"line":8,"column":65}},"type":"cond-expr","locations":[{"start":{"line":8,"column":24},"end":{"line":8,"column":60}},{"start":{"line":8,"column":63},"end":{"line":8,"column":65}}],"line":8},"2":{"loc":{"start":{"line":21,"column":12},"end":{"line":23,"column":null}},"type":"if","locations":[{"start":{"line":21,"column":12},"end":{"line":23,"column":null}},{"start":{},"end":{}}],"line":21},"3":{"loc":{"start":{"line":22,"column":32},"end":{"line":22,"column":68}},"type":"binary-expr","locations":[{"start":{"line":22,"column":32},"end":{"line":22,"column":42}},{"start":{"line":22,"column":46},"end":{"line":22,"column":68}}],"line":22}},"s":{"0":1,"1":1,"2":10,"3":10,"4":10,"5":10,"6":10,"7":9,"8":9,"9":2,"10":7,"11":3,"12":3,"13":6,"14":1,"15":1,"16":1,"17":1},"f":{"0":10,"1":6,"2":1,"3":1,"4":1,"5":1},"b":{"0":[10],"1":[1,9],"2":[2,7],"3":[2,1]},"meta":{"lastBranch":4,"lastFunction":6,"lastStatement":18,"seen":{"s:1:17:1:44":0,"s:3:15:63:1":1,"f:4:10:4:17":0,"b:4:38:4:40":0,"s:5:22:5:51":2,"s:6:24:10:9":3,"b:8:24:8:60:8:63:8:65":1,"s:12:23:15:9":4,"s:17:8:29:Infinity":5,"s:18:29:18:74":6,"s:19:25:19:46":7,"b:21:12:23:Infinity:undefined:undefined:undefined:undefined":2,"s:21:12:23:Infinity":8,"s:22:16:22:Infinity":9,"b:22:32:22:42:22:46:22:68":3,"s:25:12:25:Infinity":10,"s:27:12:27:Infinity":11,"s:28:12:28:Infinity":12,"f:32:4:32:7":1,"s:33:8:33:Infinity":13,"f:36:4:36:8":2,"s:37:8:41:Infinity":14,"f:44:4:44:9":3,"s:45:8:49:Infinity":15,"f:52:4:52:7":4,"s:53:8:57:Infinity":16,"f:60:4:60:10":5,"s:61:8:61:Infinity":17}}}
,"/Users/chunwarayut/Documents/jongtao/src/components/Confirmation.js": {"path":"/Users/chunwarayut/Documents/jongtao/src/components/Confirmation.js","statementMap":{"0":{"start":{"line":3,"column":8},"end":{"line":3,"column":null}},"1":{"start":{"line":7,"column":68},"end":{"line":7,"column":84}},"2":{"start":{"line":9,"column":8},"end":{"line":47,"column":null}}},"fnMap":{"0":{"name":"(anonymous_0)","decl":{"start":{"line":2,"column":4},"end":{"line":2,"column":15}},"loc":{"start":{"line":2,"column":29},"end":{"line":4,"column":null}},"line":2},"1":{"name":"(anonymous_1)","decl":{"start":{"line":6,"column":4},"end":{"line":6,"column":10}},"loc":{"start":{"line":6,"column":22},"end":{"line":48,"column":null}},"line":6}},"branchMap":{"0":{"loc":{"start":{"line":16,"column":112},"end":{"line":16,"column":136}},"type":"binary-expr","locations":[{"start":{"line":16,"column":112},"end":{"line":16,"column":127}},{"start":{"line":16,"column":131},"end":{"line":16,"column":136}}],"line":16},"1":{"loc":{"start":{"line":32,"column":22},"end":{"line":32,"column":72}},"type":"cond-expr","locations":[{"start":{"line":32,"column":35},"end":{"line":32,"column":53}},{"start":{"line":32,"column":56},"end":{"line":32,"column":72}}],"line":32}},"s":{"0":2,"1":2,"2":2},"f":{"0":2,"1":2},"b":{"0":[2,1],"1":[1,1]},"meta":{"lastBranch":2,"lastFunction":2,"lastStatement":3,"seen":{"f:2:4:2:15":0,"s:3:8:3:Infinity":0,"f:6:4:6:10":1,"s:7:68:7:84":1,"s:9:8:47:Infinity":2,"b:16:112:16:127:16:131:16:136":0,"b:32:35:32:53:32:56:32:72":1}}}
,"/Users/chunwarayut/Documents/jongtao/src/components/CustomerForm.js": {"path":"/Users/chunwarayut/Documents/jongtao/src/components/CustomerForm.js","statementMap":{"0":{"start":{"line":3,"column":8},"end":{"line":3,"column":null}},"1":{"start":{"line":4,"column":8},"end":{"line":4,"column":null}},"2":{"start":{"line":5,"column":8},"end":{"line":5,"column":null}},"3":{"start":{"line":9,"column":8},"end":{"line":73,"column":null}},"4":{"start":{"line":75,"column":8},"end":{"line":75,"column":null}},"5":{"start":{"line":79,"column":21},"end":{"line":79,"column":61}},"6":{"start":{"line":81,"column":8},"end":{"line":91,"column":null}},"7":{"start":{"line":82,"column":12},"end":{"line":82,"column":null}},"8":{"start":{"line":83,"column":29},"end":{"line":83,"column":47}},"9":{"start":{"line":84,"column":29},"end":{"line":84,"column":31}},"10":{"start":{"line":85,"column":12},"end":{"line":87,"column":null}},"11":{"start":{"line":86,"column":16},"end":{"line":86,"column":null}},"12":{"start":{"line":89,"column":12},"end":{"line":89,"column":null}},"13":{"start":{"line":90,"column":12},"end":{"line":90,"column":null}},"14":{"start":{"line":93,"column":8},"end":{"line":95,"column":null}},"15":{"start":{"line":94,"column":12},"end":{"line":94,"column":null}}},"fnMap":{"0":{"name":"(anonymous_0)","decl":{"start":{"line":2,"column":4},"end":{"line":2,"column":15}},"loc":{"start":{"line":2,"column":45},"end":{"line":6,"column":null}},"line":2},"1":{"name":"(anonymous_1)","decl":{"start":{"line":8,"column":4},"end":{"line":8,"column":10}},"loc":{"start":{"line":8,"column":22},"end":{"line":76,"column":null}},"line":8},"2":{"name":"(anonymous_2)","decl":{"start":{"line":78,"column":4},"end":{"line":78,"column":16}},"loc":{"start":{"line":78,"column":28},"end":{"line":96,"column":null}},"line":78},"3":{"name":"(anonymous_3)","decl":{"start":{"line":81,"column":40},"end":{"line":81,"column":41}},"loc":{"start":{"line":81,"column":47},"end":{"line":91,"column":9}},"line":81},"4":{"name":"(anonymous_4)","decl":{"start":{"line":85,"column":29},"end":{"line":85,"column":30}},"loc":{"start":{"line":85,"column":45},"end":{"line":87,"column":13}},"line":85},"5":{"name":"(anonymous_5)","decl":{"start":{"line":93,"column":71},"end":{"line":93,"column":72}},"loc":{"start":{"line":93,"column":77},"end":{"line":95,"column":9}},"line":93}},"branchMap":{"0":{"loc":{"start":{"line":19,"column":94},"end":{"line":19,"column":130}},"type":"binary-expr","locations":[{"start":{"line":19,"column":94},"end":{"line":19,"column":124}},{"start":{"line":19,"column":128},"end":{"line":19,"column":130}}],"line":19},"1":{"loc":{"start":{"line":24,"column":90},"end":{"line":24,"column":127}},"type":"binary-expr","locations":[{"start":{"line":24,"column":90},"end":{"line":24,"column":121}},{"start":{"line":24,"column":125},"end":{"line":24,"column":127}}],"line":24},"2":{"loc":{"start":{"line":29,"column":80},"end":{"line":29,"column":118}},"type":"binary-expr","locations":[{"start":{"line":29,"column":80},"end":{"line":29,"column":112}},{"start":{"line":29,"column":116},"end":{"line":29,"column":118}}],"line":29},"3":{"loc":{"start":{"line":34,"column":70},"end":{"line":34,"column":118}},"type":"binary-expr","locations":[{"start":{"line":34,"column":70},"end":{"line":34,"column":107}},{"start":{"line":34,"column":111},"end":{"line":34,"column":118}}],"line":34},"4":{"loc":{"start":{"line":41,"column":43},"end":{"line":41,"column":110}},"type":"cond-expr","locations":[{"start":{"line":41,"column":95},"end":{"line":41,"column":105}},{"start":{"line":41,"column":108},"end":{"line":41,"column":110}}],"line":41},"5":{"loc":{"start":{"line":42,"column":46},"end":{"line":42,"column":116}},"type":"cond-expr","locations":[{"start":{"line":42,"column":101},"end":{"line":42,"column":111}},{"start":{"line":42,"column":114},"end":{"line":42,"column":116}}],"line":42},"6":{"loc":{"start":{"line":43,"column":40},"end":{"line":43,"column":104}},"type":"cond-expr","locations":[{"start":{"line":43,"column":89},"end":{"line":43,"column":99}},{"start":{"line":43,"column":102},"end":{"line":43,"column":104}}],"line":43},"7":{"loc":{"start":{"line":49,"column":105},"end":{"line":49,"column":141}},"type":"binary-expr","locations":[{"start":{"line":49,"column":105},"end":{"line":49,"column":135}},{"start":{"line":49,"column":139},"end":{"line":49,"column":141}}],"line":49}},"s":{"0":6,"1":6,"2":6,"3":6,"4":6,"5":6,"6":6,"7":1,"8":1,"9":1,"10":1,"11":6,"12":1,"13":1,"14":6,"15":1},"f":{"0":6,"1":6,"2":6,"3":1,"4":6,"5":1},"b":{"0":[6,6],"1":[6,6],"2":[6,6],"3":[6,6],"4":[1,5],"5":[1,5],"6":[1,5],"7":[6,6]},"meta":{"lastBranch":8,"lastFunction":6,"lastStatement":16,"seen":{"f:2:4:2:15":0,"s:3:8:3:Infinity":0,"s:4:8:4:Infinity":1,"s:5:8:5:Infinity":2,"f:8:4:8:10":1,"s:9:8:73:Infinity":3,"b:19:94:19:124:19:128:19:130":0,"b:24:90:24:121:24:125:24:127":1,"b:29:80:29:112:29:116:29:118":2,"b:34:70:34:107:34:111:34:118":3,"b:41:95:41:105:41:108:41:110":4,"b:42:101:42:111:42:114:42:116":5,"b:43:89:43:99:43:102:43:104":6,"b:49:105:49:135:49:139:49:141":7,"s:75:8:75:Infinity":4,"f:78:4:78:16":2,"s:79:21:79:61":5,"s:81:8:91:Infinity":6,"f:81:40:81:41":3,"s:82:12:82:Infinity":7,"s:83:29:83:47":8,"s:84:29:84:31":9,"s:85:12:87:Infinity":10,"f:85:29:85:30":4,"s:86:16:86:Infinity":11,"s:89:12:89:Infinity":12,"s:90:12:90:Infinity":13,"s:93:8:95:Infinity":14,"f:93:71:93:72":5,"s:94:12:94:Infinity":15}}}
,"/Users/chunwarayut/Documents/jongtao/src/components/ExtraTable.js": {"path":"/Users/chunwarayut/Documents/jongtao/src/components/ExtraTable.js","statementMap":{"0":{"start":{"line":3,"column":4},"end":{"line":3,"column":null}},"1":{"start":{"line":4,"column":4},"end":{"line":4,"column":null}},"2":{"start":{"line":5,"column":4},"end":{"line":5,"column":null}},"3":{"start":{"line":9,"column":21},"end":{"line":9,"column":37}},"4":{"start":{"line":10,"column":26},"end":{"line":10,"column":97}},"5":{"start":{"line":12,"column":4},"end":{"line":71,"column":null}},"6":{"start":{"line":73,"column":4},"end":{"line":73,"column":null}},"7":{"start":{"line":77,"column":19},"end":{"line":77,"column":65}},"8":{"start":{"line":78,"column":25},"end":{"line":78,"column":66}},"9":{"start":{"line":79,"column":30},"end":{"line":79,"column":77}},"10":{"start":{"line":80,"column":21},"end":{"line":80,"column":37}},"11":{"start":{"line":82,"column":4},"end":{"line":88,"column":null}},"12":{"start":{"line":83,"column":6},"end":{"line":83,"column":null}},"13":{"start":{"line":84,"column":20},"end":{"line":84,"column":91}},"14":{"start":{"line":86,"column":6},"end":{"line":86,"column":null}},"15":{"start":{"line":87,"column":6},"end":{"line":87,"column":null}},"16":{"start":{"line":90,"column":4},"end":{"line":92,"column":null}},"17":{"start":{"line":91,"column":6},"end":{"line":91,"column":null}},"18":{"start":{"line":94,"column":4},"end":{"line":96,"column":null}},"19":{"start":{"line":95,"column":6},"end":{"line":95,"column":null}}},"fnMap":{"0":{"name":"(anonymous_0)","decl":{"start":{"line":2,"column":2},"end":{"line":2,"column":13}},"loc":{"start":{"line":2,"column":43},"end":{"line":6,"column":null}},"line":2},"1":{"name":"(anonymous_1)","decl":{"start":{"line":8,"column":2},"end":{"line":8,"column":8}},"loc":{"start":{"line":8,"column":20},"end":{"line":74,"column":null}},"line":8},"2":{"name":"(anonymous_2)","decl":{"start":{"line":76,"column":2},"end":{"line":76,"column":14}},"loc":{"start":{"line":76,"column":26},"end":{"line":97,"column":null}},"line":76},"3":{"name":"(anonymous_3)","decl":{"start":{"line":82,"column":38},"end":{"line":82,"column":39}},"loc":{"start":{"line":82,"column":45},"end":{"line":88,"column":5}},"line":82},"4":{"name":"(anonymous_4)","decl":{"start":{"line":90,"column":67},"end":{"line":90,"column":68}},"loc":{"start":{"line":90,"column":73},"end":{"line":92,"column":5}},"line":90},"5":{"name":"(anonymous_5)","decl":{"start":{"line":94,"column":67},"end":{"line":94,"column":68}},"loc":{"start":{"line":94,"column":73},"end":{"line":96,"column":5}},"line":94}},"branchMap":{"0":{"loc":{"start":{"line":10,"column":43},"end":{"line":10,"column":96}},"type":"cond-expr","locations":[{"start":{"line":10,"column":73},"end":{"line":10,"column":92}},{"start":{"line":10,"column":95},"end":{"line":10,"column":96}}],"line":10},"1":{"loc":{"start":{"line":29,"column":67},"end":{"line":29,"column":111}},"type":"cond-expr","locations":[{"start":{"line":29,"column":97},"end":{"line":29,"column":106}},{"start":{"line":29,"column":109},"end":{"line":29,"column":111}}],"line":29},"2":{"loc":{"start":{"line":49,"column":56},"end":{"line":49,"column":101}},"type":"cond-expr","locations":[{"start":{"line":49,"column":86},"end":{"line":49,"column":92}},{"start":{"line":49,"column":95},"end":{"line":49,"column":101}}],"line":49},"3":{"loc":{"start":{"line":84,"column":37},"end":{"line":84,"column":90}},"type":"cond-expr","locations":[{"start":{"line":84,"column":67},"end":{"line":84,"column":86}},{"start":{"line":84,"column":89},"end":{"line":84,"column":90}}],"line":84},"4":{"loc":{"start":{"line":86,"column":35},"end":{"line":86,"column":80}},"type":"cond-expr","locations":[{"start":{"line":86,"column":65},"end":{"line":86,"column":71}},{"start":{"line":86,"column":74},"end":{"line":86,"column":80}}],"line":86}},"s":{"0":4,"1":4,"2":4,"3":4,"4":4,"5":4,"6":4,"7":4,"8":4,"9":4,"10":4,"11":4,"12":2,"13":2,"14":2,"15":2,"16":4,"17":1,"18":4,"19":1},"f":{"0":4,"1":4,"2":4,"3":2,"4":1,"5":1},"b":{"0":[1,3],"1":[1,3],"2":[1,3],"3":[1,1],"4":[1,1]},"meta":{"lastBranch":5,"lastFunction":6,"lastStatement":20,"seen":{"f:2:2:2:13":0,"s:3:4:3:Infinity":0,"s:4:4:4:Infinity":1,"s:5:4:5:Infinity":2,"f:8:2:8:8":1,"s:9:21:9:37":3,"s:10:26:10:97":4,"b:10:73:10:92:10:95:10:96":0,"s:12:4:71:Infinity":5,"b:29:97:29:106:29:109:29:111":1,"b:49:86:49:92:49:95:49:101":2,"s:73:4:73:Infinity":6,"f:76:2:76:14":2,"s:77:19:77:65":7,"s:78:25:78:66":8,"s:79:30:79:77":9,"s:80:21:80:37":10,"s:82:4:88:Infinity":11,"f:82:38:82:39":3,"s:83:6:83:Infinity":12,"s:84:20:84:91":13,"b:84:67:84:86:84:89:84:90":3,"s:86:6:86:Infinity":14,"b:86:65:86:71:86:74:86:80":4,"s:87:6:87:Infinity":15,"s:90:4:92:Infinity":16,"f:90:67:90:68":4,"s:91:6:91:Infinity":17,"s:94:4:96:Infinity":18,"f:94:67:94:68":5,"s:95:6:95:Infinity":19}}}
,"/Users/chunwarayut/Documents/jongtao/src/components/GuestCount.js": {"path":"/Users/chunwarayut/Documents/jongtao/src/components/GuestCount.js","statementMap":{"0":{"start":{"line":3,"column":8},"end":{"line":3,"column":null}},"1":{"start":{"line":4,"column":8},"end":{"line":4,"column":null}},"2":{"start":{"line":5,"column":8},"end":{"line":5,"column":null}},"3":{"start":{"line":6,"column":8},"end":{"line":6,"column":null}},"4":{"start":{"line":10,"column":8},"end":{"line":31,"column":null}},"5":{"start":{"line":33,"column":8},"end":{"line":33,"column":null}},"6":{"start":{"line":34,"column":8},"end":{"line":34,"column":null}},"7":{"start":{"line":38,"column":8},"end":{"line":43,"column":null}},"8":{"start":{"line":39,"column":12},"end":{"line":42,"column":null}},"9":{"start":{"line":40,"column":16},"end":{"line":40,"column":null}},"10":{"start":{"line":41,"column":16},"end":{"line":41,"column":null}},"11":{"start":{"line":45,"column":8},"end":{"line":48,"column":null}},"12":{"start":{"line":46,"column":12},"end":{"line":46,"column":null}},"13":{"start":{"line":47,"column":12},"end":{"line":47,"column":null}},"14":{"start":{"line":50,"column":8},"end":{"line":52,"column":null}},"15":{"start":{"line":51,"column":12},"end":{"line":51,"column":null}},"16":{"start":{"line":54,"column":8},"end":{"line":57,"column":null}},"17":{"start":{"line":55,"column":12},"end":{"line":55,"column":null}},"18":{"start":{"line":56,"column":12},"end":{"line":56,"column":null}},"19":{"start":{"line":61,"column":8},"end":{"line":61,"column":null}},"20":{"start":{"line":62,"column":8},"end":{"line":62,"column":null}},"21":{"start":{"line":66,"column":20},"end":{"line":66,"column":66}},"22":{"start":{"line":67,"column":25},"end":{"line":67,"column":41}},"23":{"start":{"line":69,"column":19},"end":{"line":69,"column":21}},"24":{"start":{"line":71,"column":8},"end":{"line":83,"column":null}},"25":{"start":{"line":72,"column":12},"end":{"line":72,"column":null}},"26":{"start":{"line":73,"column":15},"end":{"line":83,"column":null}},"27":{"start":{"line":74,"column":12},"end":{"line":77,"column":null}},"28":{"start":{"line":79,"column":12},"end":{"line":82,"column":null}},"29":{"start":{"line":85,"column":8},"end":{"line":85,"column":null}}},"fnMap":{"0":{"name":"(anonymous_0)","decl":{"start":{"line":2,"column":4},"end":{"line":2,"column":15}},"loc":{"start":{"line":2,"column":45},"end":{"line":7,"column":null}},"line":2},"1":{"name":"(anonymous_1)","decl":{"start":{"line":9,"column":4},"end":{"line":9,"column":10}},"loc":{"start":{"line":9,"column":22},"end":{"line":35,"column":null}},"line":9},"2":{"name":"(anonymous_2)","decl":{"start":{"line":37,"column":4},"end":{"line":37,"column":16}},"loc":{"start":{"line":37,"column":28},"end":{"line":58,"column":null}},"line":37},"3":{"name":"(anonymous_3)","decl":{"start":{"line":38,"column":72},"end":{"line":38,"column":73}},"loc":{"start":{"line":38,"column":78},"end":{"line":43,"column":9}},"line":38},"4":{"name":"(anonymous_4)","decl":{"start":{"line":45,"column":71},"end":{"line":45,"column":72}},"loc":{"start":{"line":45,"column":77},"end":{"line":48,"column":9}},"line":45},"5":{"name":"(anonymous_5)","decl":{"start":{"line":50,"column":71},"end":{"line":50,"column":72}},"loc":{"start":{"line":50,"column":77},"end":{"line":52,"column":9}},"line":50},"6":{"name":"(anonymous_6)","decl":{"start":{"line":54,"column":71},"end":{"line":54,"column":72}},"loc":{"start":{"line":54,"column":77},"end":{"line":57,"column":9}},"line":54},"7":{"name":"(anonymous_7)","decl":{"start":{"line":60,"column":4},"end":{"line":60,"column":17}},"loc":{"start":{"line":60,"column":29},"end":{"line":63,"column":null}},"line":60},"8":{"name":"(anonymous_8)","decl":{"start":{"line":65,"column":4},"end":{"line":65,"column":24}},"loc":{"start":{"line":65,"column":36},"end":{"line":86,"column":null}},"line":65}},"branchMap":{"0":{"loc":{"start":{"line":6,"column":21},"end":{"line":6,"column":48}},"type":"binary-expr","locations":[{"start":{"line":6,"column":21},"end":{"line":6,"column":43}},{"start":{"line":6,"column":47},"end":{"line":6,"column":48}}],"line":6},"1":{"loc":{"start":{"line":39,"column":12},"end":{"line":42,"column":null}},"type":"if","locations":[{"start":{"line":39,"column":12},"end":{"line":42,"column":null}},{"start":{},"end":{}}],"line":39},"2":{"loc":{"start":{"line":71,"column":8},"end":{"line":83,"column":null}},"type":"if","locations":[{"start":{"line":71,"column":8},"end":{"line":83,"column":null}},{"start":{"line":73,"column":15},"end":{"line":83,"column":null}}],"line":71},"3":{"loc":{"start":{"line":73,"column":15},"end":{"line":83,"column":null}},"type":"if","locations":[{"start":{"line":73,"column":15},"end":{"line":83,"column":null}},{"start":{"line":78,"column":15},"end":{"line":83,"column":null}}],"line":73}},"s":{"0":4,"1":4,"2":4,"3":4,"4":3,"5":3,"6":3,"7":3,"8":2,"9":1,"10":1,"11":3,"12":1,"13":1,"14":3,"15":1,"16":3,"17":1,"18":1,"19":5,"20":5,"21":8,"22":8,"23":8,"24":8,"25":6,"26":2,"27":1,"28":1,"29":8},"f":{"0":4,"1":3,"2":3,"3":2,"4":1,"5":1,"6":1,"7":5,"8":8},"b":{"0":[4,1],"1":[1,1],"2":[6,2],"3":[1,1]},"meta":{"lastBranch":4,"lastFunction":9,"lastStatement":30,"seen":{"f:2:4:2:15":0,"s:3:8:3:Infinity":0,"s:4:8:4:Infinity":1,"s:5:8:5:Infinity":2,"s:6:8:6:Infinity":3,"b:6:21:6:43:6:47:6:48":0,"f:9:4:9:10":1,"s:10:8:31:Infinity":4,"s:33:8:33:Infinity":5,"s:34:8:34:Infinity":6,"f:37:4:37:16":2,"s:38:8:43:Infinity":7,"f:38:72:38:73":3,"b:39:12:42:Infinity:undefined:undefined:undefined:undefined":1,"s:39:12:42:Infinity":8,"s:40:16:40:Infinity":9,"s:41:16:41:Infinity":10,"s:45:8:48:Infinity":11,"f:45:71:45:72":4,"s:46:12:46:Infinity":12,"s:47:12:47:Infinity":13,"s:50:8:52:Infinity":14,"f:50:71:50:72":5,"s:51:12:51:Infinity":15,"s:54:8:57:Infinity":16,"f:54:71:54:72":6,"s:55:12:55:Infinity":17,"s:56:12:56:Infinity":18,"f:60:4:60:17":7,"s:61:8:61:Infinity":19,"s:62:8:62:Infinity":20,"f:65:4:65:24":8,"s:66:20:66:66":21,"s:67:25:67:41":22,"s:69:19:69:21":23,"b:71:8:83:Infinity:73:15:83:Infinity":2,"s:71:8:83:Infinity":24,"s:72:12:72:Infinity":25,"b:73:15:83:Infinity:78:15:83:Infinity":3,"s:73:15:83:Infinity":26,"s:74:12:77:Infinity":27,"s:79:12:82:Infinity":28,"s:85:8:85:Infinity":29}}}
,"/Users/chunwarayut/Documents/jongtao/src/components/Payment.js": {"path":"/Users/chunwarayut/Documents/jongtao/src/components/Payment.js","statementMap":{"0":{"start":{"line":3,"column":4},"end":{"line":3,"column":null}},"1":{"start":{"line":4,"column":4},"end":{"line":4,"column":null}},"2":{"start":{"line":5,"column":4},"end":{"line":5,"column":null}},"3":{"start":{"line":6,"column":4},"end":{"line":6,"column":29}},"4":{"start":{"line":10,"column":33},"end":{"line":10,"column":49}},"5":{"start":{"line":11,"column":26},"end":{"line":11,"column":80}},"6":{"start":{"line":12,"column":26},"end":{"line":12,"column":69}},"7":{"start":{"line":14,"column":4},"end":{"line":107,"column":null}},"8":{"start":{"line":109,"column":4},"end":{"line":109,"column":null}},"9":{"start":{"line":113,"column":20},"end":{"line":113,"column":65}},"10":{"start":{"line":114,"column":24},"end":{"line":114,"column":64}},"11":{"start":{"line":115,"column":33},"end":{"line":115,"column":49}},"12":{"start":{"line":116,"column":26},"end":{"line":116,"column":80}},"13":{"start":{"line":118,"column":4},"end":{"line":126,"column":null}},"14":{"start":{"line":119,"column":6},"end":{"line":125,"column":null}},"15":{"start":{"line":120,"column":8},"end":{"line":120,"column":null}},"16":{"start":{"line":120,"column":29},"end":{"line":120,"column":57}},"17":{"start":{"line":121,"column":8},"end":{"line":121,"column":null}},"18":{"start":{"line":122,"column":8},"end":{"line":122,"column":null}},"19":{"start":{"line":123,"column":23},"end":{"line":123,"column":66}},"20":{"start":{"line":124,"column":8},"end":{"line":124,"column":null}},"21":{"start":{"line":128,"column":4},"end":{"line":130,"column":null}},"22":{"start":{"line":129,"column":6},"end":{"line":129,"column":null}},"23":{"start":{"line":132,"column":4},"end":{"line":142,"column":null}},"24":{"start":{"line":134,"column":21},"end":{"line":134,"column":82}},"25":{"start":{"line":135,"column":6},"end":{"line":140,"column":null}},"26":{"start":{"line":141,"column":6},"end":{"line":141,"column":null}}},"fnMap":{"0":{"name":"(anonymous_0)","decl":{"start":{"line":2,"column":2},"end":{"line":2,"column":13}},"loc":{"start":{"line":2,"column":43},"end":{"line":7,"column":null}},"line":2},"1":{"name":"(anonymous_1)","decl":{"start":{"line":9,"column":2},"end":{"line":9,"column":8}},"loc":{"start":{"line":9,"column":20},"end":{"line":110,"column":null}},"line":9},"2":{"name":"(anonymous_2)","decl":{"start":{"line":112,"column":2},"end":{"line":112,"column":14}},"loc":{"start":{"line":112,"column":26},"end":{"line":143,"column":null}},"line":112},"3":{"name":"(anonymous_3)","decl":{"start":{"line":118,"column":20},"end":{"line":118,"column":23}},"loc":{"start":{"line":118,"column":27},"end":{"line":126,"column":5}},"line":118},"4":{"name":"(anonymous_4)","decl":{"start":{"line":119,"column":36},"end":{"line":119,"column":37}},"loc":{"start":{"line":119,"column":42},"end":{"line":125,"column":7}},"line":119},"5":{"name":"(anonymous_5)","decl":{"start":{"line":120,"column":24},"end":{"line":120,"column":25}},"loc":{"start":{"line":120,"column":29},"end":{"line":120,"column":57}},"line":120},"6":{"name":"(anonymous_6)","decl":{"start":{"line":128,"column":67},"end":{"line":128,"column":68}},"loc":{"start":{"line":128,"column":73},"end":{"line":130,"column":5}},"line":128},"7":{"name":"(anonymous_7)","decl":{"start":{"line":132,"column":69},"end":{"line":132,"column":70}},"loc":{"start":{"line":132,"column":75},"end":{"line":142,"column":5}},"line":132}},"branchMap":{"0":{"loc":{"start":{"line":11,"column":43},"end":{"line":11,"column":79}},"type":"cond-expr","locations":[{"start":{"line":11,"column":56},"end":{"line":11,"column":75}},{"start":{"line":11,"column":78},"end":{"line":11,"column":79}}],"line":11},"1":{"loc":{"start":{"line":26,"column":45},"end":{"line":26,"column":87}},"type":"cond-expr","locations":[{"start":{"line":26,"column":74},"end":{"line":26,"column":82}},{"start":{"line":26,"column":85},"end":{"line":26,"column":87}}],"line":26},"2":{"loc":{"start":{"line":30,"column":45},"end":{"line":30,"column":88}},"type":"cond-expr","locations":[{"start":{"line":30,"column":75},"end":{"line":30,"column":83}},{"start":{"line":30,"column":86},"end":{"line":30,"column":88}}],"line":30},"3":{"loc":{"start":{"line":116,"column":43},"end":{"line":116,"column":79}},"type":"cond-expr","locations":[{"start":{"line":116,"column":56},"end":{"line":116,"column":75}},{"start":{"line":116,"column":78},"end":{"line":116,"column":79}}],"line":116}},"s":{"0":4,"1":4,"2":4,"3":4,"4":4,"5":4,"6":4,"7":4,"8":4,"9":4,"10":4,"11":4,"12":4,"13":4,"14":8,"15":2,"16":4,"17":2,"18":2,"19":2,"20":2,"21":4,"22":1,"23":4,"24":1,"25":1,"26":1},"f":{"0":4,"1":4,"2":4,"3":8,"4":2,"5":4,"6":1,"7":1},"b":{"0":[3,1],"1":[3,1],"2":[1,3],"3":[3,1]},"meta":{"lastBranch":4,"lastFunction":8,"lastStatement":27,"seen":{"f:2:2:2:13":0,"s:3:4:3:Infinity":0,"s:4:4:4:Infinity":1,"s:5:4:5:Infinity":2,"s:6:4:6:29":3,"f:9:2:9:8":1,"s:10:33:10:49":4,"s:11:26:11:80":5,"b:11:56:11:75:11:78:11:79":0,"s:12:26:12:69":6,"s:14:4:107:Infinity":7,"b:26:74:26:82:26:85:26:87":1,"b:30:75:30:83:30:86:30:88":2,"s:109:4:109:Infinity":8,"f:112:2:112:14":2,"s:113:20:113:65":9,"s:114:24:114:64":10,"s:115:33:115:49":11,"s:116:26:116:80":12,"b:116:56:116:75:116:78:116:79":3,"s:118:4:126:Infinity":13,"f:118:20:118:23":3,"s:119:6:125:Infinity":14,"f:119:36:119:37":4,"s:120:8:120:Infinity":15,"f:120:24:120:25":5,"s:120:29:120:57":16,"s:121:8:121:Infinity":17,"s:122:8:122:Infinity":18,"s:123:23:123:66":19,"s:124:8:124:Infinity":20,"s:128:4:130:Infinity":21,"f:128:67:128:68":6,"s:129:6:129:Infinity":22,"s:132:4:142:Infinity":23,"f:132:69:132:70":7,"s:134:21:134:82":24,"s:135:6:140:Infinity":25,"s:141:6:141:Infinity":26}}}
,"/Users/chunwarayut/Documents/jongtao/src/components/ZoneMap.js": {"path":"/Users/chunwarayut/Documents/jongtao/src/components/ZoneMap.js","statementMap":{"0":{"start":{"line":3,"column":8},"end":{"line":3,"column":null}},"1":{"start":{"line":4,"column":8},"end":{"line":4,"column":null}},"2":{"start":{"line":5,"column":8},"end":{"line":5,"column":null}},"3":{"start":{"line":9,"column":8},"end":{"line":63,"column":null}},"4":{"start":{"line":65,"column":8},"end":{"line":65,"column":null}},"5":{"start":{"line":69,"column":22},"end":{"line":69,"column":63}},"6":{"start":{"line":70,"column":8},"end":{"line":90,"column":null}},"7":{"start":{"line":71,"column":12},"end":{"line":75,"column":null}},"8":{"start":{"line":72,"column":29},"end":{"line":72,"column":61}},"9":{"start":{"line":73,"column":16},"end":{"line":73,"column":null}},"10":{"start":{"line":74,"column":16},"end":{"line":74,"column":null}},"11":{"start":{"line":77,"column":12},"end":{"line":84,"column":null}},"12":{"start":{"line":78,"column":31},"end":{"line":78,"column":71}},"13":{"start":{"line":79,"column":16},"end":{"line":83,"column":null}},"14":{"start":{"line":80,"column":33},"end":{"line":80,"column":65}},"15":{"start":{"line":81,"column":20},"end":{"line":81,"column":null}},"16":{"start":{"line":82,"column":20},"end":{"line":82,"column":null}},"17":{"start":{"line":86,"column":12},"end":{"line":89,"column":null}},"18":{"start":{"line":87,"column":31},"end":{"line":87,"column":71}},"19":{"start":{"line":88,"column":16},"end":{"line":88,"column":null}},"20":{"start":{"line":94,"column":8},"end":{"line":94,"column":null}},"21":{"start":{"line":97,"column":8},"end":{"line":100,"column":null}},"22":{"start":{"line":98,"column":12},"end":{"line":98,"column":null}},"23":{"start":{"line":99,"column":12},"end":{"line":99,"column":null}},"24":{"start":{"line":103,"column":29},"end":{"line":103,"column":86}},"25":{"start":{"line":104,"column":8},"end":{"line":104,"column":null}},"26":{"start":{"line":105,"column":8},"end":{"line":105,"column":null}},"27":{"start":{"line":106,"column":8},"end":{"line":106,"column":null}},"28":{"start":{"line":109,"column":8},"end":{"line":109,"column":null}},"29":{"start":{"line":113,"column":22},"end":{"line":113,"column":67}},"30":{"start":{"line":116,"column":25},"end":{"line":121,"column":9}},"31":{"start":{"line":123,"column":21},"end":{"line":123,"column":33}},"32":{"start":{"line":125,"column":8},"end":{"line":147,"column":null}},"33":{"start":{"line":149,"column":8},"end":{"line":151,"column":null}},"34":{"start":{"line":150,"column":12},"end":{"line":150,"column":null}}},"fnMap":{"0":{"name":"(anonymous_0)","decl":{"start":{"line":2,"column":4},"end":{"line":2,"column":15}},"loc":{"start":{"line":2,"column":26},"end":{"line":6,"column":null}},"line":2},"1":{"name":"(anonymous_1)","decl":{"start":{"line":8,"column":10},"end":{"line":8,"column":16}},"loc":{"start":{"line":8,"column":28},"end":{"line":66,"column":null}},"line":8},"2":{"name":"(anonymous_2)","decl":{"start":{"line":68,"column":4},"end":{"line":68,"column":16}},"loc":{"start":{"line":68,"column":28},"end":{"line":91,"column":null}},"line":68},"3":{"name":"(anonymous_3)","decl":{"start":{"line":70,"column":22},"end":{"line":70,"column":26}},"loc":{"start":{"line":70,"column":30},"end":{"line":90,"column":9}},"line":70},"4":{"name":"(anonymous_4)","decl":{"start":{"line":71,"column":47},"end":{"line":71,"column":48}},"loc":{"start":{"line":71,"column":53},"end":{"line":75,"column":13}},"line":71},"5":{"name":"(anonymous_5)","decl":{"start":{"line":77,"column":46},"end":{"line":77,"column":47}},"loc":{"start":{"line":77,"column":52},"end":{"line":84,"column":13}},"line":77},"6":{"name":"(anonymous_6)","decl":{"start":{"line":86,"column":43},"end":{"line":86,"column":44}},"loc":{"start":{"line":86,"column":49},"end":{"line":89,"column":13}},"line":86},"7":{"name":"(anonymous_7)","decl":{"start":{"line":93,"column":10},"end":{"line":93,"column":20}},"loc":{"start":{"line":93,"column":36},"end":{"line":110,"column":null}},"line":93},"8":{"name":"(anonymous_8)","decl":{"start":{"line":97,"column":57},"end":{"line":97,"column":61}},"loc":{"start":{"line":97,"column":65},"end":{"line":100,"column":9}},"line":97},"9":{"name":"(anonymous_9)","decl":{"start":{"line":112,"column":10},"end":{"line":112,"column":27}},"loc":{"start":{"line":112,"column":43},"end":{"line":152,"column":null}},"line":112},"10":{"name":"(anonymous_10)","decl":{"start":{"line":149,"column":74},"end":{"line":149,"column":75}},"loc":{"start":{"line":149,"column":80},"end":{"line":151,"column":9}},"line":149}},"branchMap":{"0":{"loc":{"start":{"line":79,"column":16},"end":{"line":83,"column":null}},"type":"if","locations":[{"start":{"line":79,"column":16},"end":{"line":83,"column":null}},{"start":{},"end":{}}],"line":79}},"s":{"0":4,"1":4,"2":4,"3":4,"4":4,"5":4,"6":4,"7":16,"8":1,"9":1,"10":1,"11":16,"12":2,"13":2,"14":1,"15":1,"16":1,"17":16,"18":1,"19":1,"20":2,"21":2,"22":8,"23":8,"24":2,"25":2,"26":2,"27":2,"28":2,"29":2,"30":2,"31":2,"32":2,"33":2,"34":1},"f":{"0":4,"1":4,"2":4,"3":16,"4":1,"5":2,"6":1,"7":2,"8":8,"9":2,"10":1},"b":{"0":[1,1]},"meta":{"lastBranch":1,"lastFunction":11,"lastStatement":35,"seen":{"f:2:4:2:15":0,"s:3:8:3:Infinity":0,"s:4:8:4:Infinity":1,"s:5:8:5:Infinity":2,"f:8:10:8:16":1,"s:9:8:63:Infinity":3,"s:65:8:65:Infinity":4,"f:68:4:68:16":2,"s:69:22:69:63":5,"s:70:8:90:Infinity":6,"f:70:22:70:26":3,"s:71:12:75:Infinity":7,"f:71:47:71:48":4,"s:72:29:72:61":8,"s:73:16:73:Infinity":9,"s:74:16:74:Infinity":10,"s:77:12:84:Infinity":11,"f:77:46:77:47":5,"s:78:31:78:71":12,"b:79:16:83:Infinity:undefined:undefined:undefined:undefined":0,"s:79:16:83:Infinity":13,"s:80:33:80:65":14,"s:81:20:81:Infinity":15,"s:82:20:82:Infinity":16,"s:86:12:89:Infinity":17,"f:86:43:86:44":6,"s:87:31:87:71":18,"s:88:16:88:Infinity":19,"f:93:10:93:20":7,"s:94:8:94:Infinity":20,"s:97:8:100:Infinity":21,"f:97:57:97:61":8,"s:98:12:98:Infinity":22,"s:99:12:99:Infinity":23,"s:103:29:103:86":24,"s:104:8:104:Infinity":25,"s:105:8:105:Infinity":26,"s:106:8:106:Infinity":27,"s:109:8:109:Infinity":28,"f:112:10:112:27":9,"s:113:22:113:67":29,"s:116:25:121:9":30,"s:123:21:123:33":31,"s:125:8:147:Infinity":32,"s:149:8:151:Infinity":33,"f:149:74:149:75":10,"s:150:12:150:Infinity":34}}}
}
